<?xml version="1.0" encoding="UTF-8"?>
<!-- Generated by org.testng.reporters.JUnitReportReporter -->
<testsuite hostname="TL1086" failures="0" tests="1" name="com.testcases.salesforce.SalesforceNavigationAndLeadInteraction" time="56.844" errors="0" timestamp="2023-12-31T03:55:51 IST" skipped="0">
  <testcase classname="com.testcases.salesforce.SalesforceNavigationAndLeadInteraction" name="runSalesforceNavigationAndLeadInteraction" time="56.844"/>
  <system-out/>
</testsuite> <!-- com.testcases.salesforce.SalesforceNavigationAndLeadInteraction -->
