<?xml version="1.0" encoding="UTF-8"?>
<!-- Generated by org.testng.reporters.JUnitReportReporter -->
<testsuite hostname="TL1086" failures="0" tests="1" name="org.harley.davidson.com.CreateLead" time="22.684" errors="0" timestamp="2023-12-17T11:09:54 IST" skipped="0">
  <testcase classname="org.harley.davidson.com.CreateLead" name="runCreateLead" time="22.684"/>
  <system-out/>
</testsuite> <!-- org.harley.davidson.com.CreateLead -->
