<?xml version="1.0" encoding="UTF-8"?>
<!-- Generated by org.testng.reporters.JUnitReportReporter -->
<testsuite hostname="TL1086" failures="0" tests="3" name="com.learn.threadLocal.LearnThreadLocal" time="290.770" errors="0" timestamp="2024-01-11T18:03:16 IST" skipped="0">
  <testcase classname="com.learn.threadLocal.LearnThreadLocal" name="runTest" time="96.982"/>
  <system-out/>
  <testcase classname="com.learn.threadLocal.LearnThreadLocal" name="runTest" time="96.852"/>
  <system-out/>
  <testcase classname="com.learn.threadLocal.LearnThreadLocal" name="runTest" time="96.936"/>
  <system-out/>
</testsuite> <!-- com.learn.threadLocal.LearnThreadLocal -->
