<?xml version="1.0" encoding="UTF-8"?>
<!-- Generated by org.testng.reporters.JUnitReportReporter -->
<testsuite hostname="TL1086" failures="0" tests="3" name="runner.SampleRunner" time="181.944" errors="0" timestamp="2024-01-25T18:19:26 IST" skipped="0">
  <testcase classname="runner.SampleRunner" name="runScenario" time="60.017"/>
  <system-out/>
  <testcase classname="runner.SampleRunner" name="runScenario" time="61.092"/>
  <system-out/>
  <testcase classname="runner.SampleRunner" name="runScenario" time="60.835"/>
  <system-out/>
</testsuite> <!-- runner.SampleRunner -->
