<?xml version="1.0" encoding="UTF-8"?>
<!-- Generated by org.testng.reporters.JUnitReportReporter -->
<testsuite hostname="TL1086" failures="0" tests="2" name="runner.SampleRunner" time="68.861" errors="0" timestamp="2024-01-24T18:37:17 IST" skipped="0">
  <testcase classname="runner.SampleRunner" name="runScenario" time="31.638"/>
  <system-out/>
  <testcase classname="runner.SampleRunner" name="runScenario" time="37.223"/>
  <system-out/>
</testsuite> <!-- runner.SampleRunner -->
