<?xml version="1.0" encoding="UTF-8"?>
<!-- Generated by org.testng.reporters.JUnitReportReporter -->
<testsuite hostname="TL1086" failures="0" tests="1" name="runner.SampleRunner" time="24.100" errors="0" timestamp="2024-01-09T23:56:26 IST" skipped="0">
  <testcase classname="runner.SampleRunner" name="runScenario" time="24.100"/>
  <system-out/>
</testsuite> <!-- runner.SampleRunner -->
